[0.140s] Invoking command in '/home/bfmadera/ros2_ws/build/polygon_base': /usr/bin/cmake --build /home/bfmadera/ros2_ws/build/polygon_base -- -j8 -l8
[0.550s] -- Found ament_cmake: 1.3.7 (/opt/ros/humble/share/ament_cmake/cmake)
[0.754s] -- Found pluginlib: 5.1.0 (/opt/ros/humble/share/pluginlib/cmake)
[0.842s] -- Found polygon_base: 0.0.0 (/home/bfmadera/ros2_ws/install/polygon_base/share/polygon_base/cmake)
[0.843s] -- Found ament_lint_auto: 0.12.10 (/opt/ros/humble/share/ament_lint_auto/cmake)
[1.104s] Error parsing '/home/bfmadera/ros2_ws/src/polygon_base/package.xml':
[1.334s] Traceback (most recent call last):
[1.335s]   File "/opt/ros/humble/share/ament_cmake_core/cmake/core/package_xml_2_cmake.py", line 150, in <module>
[1.335s]     main()
[1.335s]   File "/opt/ros/humble/share/ament_cmake_core/cmake/core/package_xml_2_cmake.py", line 53, in main
[1.335s]     raise e
[1.335s]   File "/opt/ros/humble/share/ament_cmake_core/cmake/core/package_xml_2_cmake.py", line 49, in main
[1.335s]     package = parse_package_string(
[1.335s]   File "/usr/lib/python3/dist-packages/catkin_pkg/package.py", line 788, in parse_package_string
[1.335s]     pkg.validate(warnings=warnings)
[1.335s]   File "/usr/lib/python3/dist-packages/catkin_pkg/package.py", line 330, in validate
[1.335s]     raise InvalidPackage('\n'.join(errors), self.filename)
[1.335s] catkin_pkg.package.InvalidPackage: Error(s) in package '/home/bfmadera/ros2_ws/src/polygon_base/package.xml':
[1.335s] The package "polygon_base" must not "build_depend" on a package with the same name as this package
[1.336s] The package "polygon_base" must not "build_export_depend" on a package with the same name as this package
[1.336s] The package "polygon_base" must not "exec_depend" on a package with the same name as this package
[1.354s] [31mCMake Error at /opt/ros/humble/share/ament_cmake_core/cmake/core/ament_package_xml.cmake:95 (message):
[1.355s]   execute_process(/usr/bin/python3.10
[1.355s]   /opt/ros/humble/share/ament_cmake_core/cmake/core/package_xml_2_cmake.py
[1.355s]   /home/bfmadera/ros2_ws/src/polygon_base/package.xml
[1.355s]   /home/bfmadera/ros2_ws/build/polygon_base/ament_cmake_core/package.cmake)
[1.355s]   returned error code 1
[1.356s] Call Stack (most recent call first):
[1.356s]   /opt/ros/humble/share/ament_cmake_core/cmake/core/ament_package_xml.cmake:49 (_ament_package_xml)
[1.356s]   /opt/ros/humble/share/ament_lint_auto/cmake/ament_lint_auto_find_test_dependencies.cmake:31 (ament_package_xml)
[1.356s]   CMakeLists.txt:16 (ament_lint_auto_find_test_dependencies)
[1.356s] 
[1.356s] [0m
[1.356s] -- Configuring incomplete, errors occurred!
[1.356s] See also "/home/bfmadera/ros2_ws/build/polygon_base/CMakeFiles/CMakeOutput.log".
[1.361s] gmake: *** [Makefile:226: cmake_check_build_system] Error 1
[1.363s] Invoked command in '/home/bfmadera/ros2_ws/build/polygon_base' returned '2': /usr/bin/cmake --build /home/bfmadera/ros2_ws/build/polygon_base -- -j8 -l8
