[0.078s] Invoking command in '/home/bfmadera/ros2_ws/build/polygon_base': /usr/bin/cmake --build /home/bfmadera/ros2_ws/build/polygon_base -- -j8 -l8
[0.101s] -- Found ament_cmake: 1.3.7 (/opt/ros/humble/share/ament_cmake/cmake)
[0.252s] -- Found pluginlib: 5.1.0 (/opt/ros/humble/share/pluginlib/cmake)
[0.287s] -- Found ament_lint_auto: 0.12.10 (/opt/ros/humble/share/ament_lint_auto/cmake)
[0.348s] Error parsing '/home/bfmadera/ros2_ws/src/polygon_base/package.xml':
[0.393s] Traceback (most recent call last):
[0.394s]   File "/opt/ros/humble/share/ament_cmake_core/cmake/core/package_xml_2_cmake.py", line 150, in <module>
[0.394s]     main()
[0.394s]   File "/opt/ros/humble/share/ament_cmake_core/cmake/core/package_xml_2_cmake.py", line 53, in main
[0.394s]     raise e
[0.394s]   File "/opt/ros/humble/share/ament_cmake_core/cmake/core/package_xml_2_cmake.py", line 49, in main
[0.394s]     package = parse_package_string(
[0.394s]   File "/usr/lib/python3/dist-packages/catkin_pkg/package.py", line 788, in parse_package_string
[0.394s]     pkg.validate(warnings=warnings)
[0.394s]   File "/usr/lib/python3/dist-packages/catkin_pkg/package.py", line 330, in validate
[0.394s]     raise InvalidPackage('\n'.join(errors), self.filename)
[0.394s] catkin_pkg.package.InvalidPackage: Error(s) in package '/home/bfmadera/ros2_ws/src/polygon_base/package.xml':
[0.394s] The package "polygon_base" must not "build_depend" on a package with the same name as this package
[0.394s] The package "polygon_base" must not "build_export_depend" on a package with the same name as this package
[0.394s] The package "polygon_base" must not "exec_depend" on a package with the same name as this package
[0.410s] [31mCMake Error at /opt/ros/humble/share/ament_cmake_core/cmake/core/ament_package_xml.cmake:95 (message):
[0.410s]   execute_process(/usr/bin/python3.10
[0.410s]   /opt/ros/humble/share/ament_cmake_core/cmake/core/package_xml_2_cmake.py
[0.410s]   /home/bfmadera/ros2_ws/src/polygon_base/package.xml
[0.410s]   /home/bfmadera/ros2_ws/build/polygon_base/ament_cmake_core/package.cmake)
[0.411s]   returned error code 1
[0.411s] Call Stack (most recent call first):
[0.411s]   /opt/ros/humble/share/ament_cmake_core/cmake/core/ament_package_xml.cmake:49 (_ament_package_xml)
[0.411s]   /opt/ros/humble/share/ament_lint_auto/cmake/ament_lint_auto_find_test_dependencies.cmake:31 (ament_package_xml)
[0.411s]   CMakeLists.txt:15 (ament_lint_auto_find_test_dependencies)
[0.411s] 
[0.411s] [0m
[0.411s] -- Configuring incomplete, errors occurred!
[0.411s] See also "/home/bfmadera/ros2_ws/build/polygon_base/CMakeFiles/CMakeOutput.log".
[0.415s] gmake: *** [Makefile:226: cmake_check_build_system] Error 1
[0.417s] Invoked command in '/home/bfmadera/ros2_ws/build/polygon_base' returned '2': /usr/bin/cmake --build /home/bfmadera/ros2_ws/build/polygon_base -- -j8 -l8
