[0.078s] Invoking command in '/home/bfmadera/ros2_ws/build/polygon_base': /usr/bin/cmake --build /home/bfmadera/ros2_ws/build/polygon_base -- -j8 -l8
[0.100s] -- Found ament_cmake: 1.3.7 (/opt/ros/humble/share/ament_cmake/cmake)
[0.252s] -- Found pluginlib: 5.1.0 (/opt/ros/humble/share/pluginlib/cmake)
[0.286s] -- Found ament_lint_auto: 0.12.10 (/opt/ros/humble/share/ament_lint_auto/cmake)
[0.347s] Error parsing '/home/bfmadera/ros2_ws/src/polygon_base/package.xml':
[0.392s] Traceback (most recent call last):
[0.392s]   File "/opt/ros/humble/share/ament_cmake_core/cmake/core/package_xml_2_cmake.py", line 150, in <module>
[0.392s]     main()
[0.392s]   File "/opt/ros/humble/share/ament_cmake_core/cmake/core/package_xml_2_cmake.py", line 53, in main
[0.392s]     raise e
[0.393s]   File "/opt/ros/humble/share/ament_cmake_core/cmake/core/package_xml_2_cmake.py", line 49, in main
[0.393s]     package = parse_package_string(
[0.393s]   File "/usr/lib/python3/dist-packages/catkin_pkg/package.py", line 786, in parse_package_string
[0.393s]     raise InvalidPackage('Error(s):%s' % (''.join(['\n- %s' % e for e in errors])), filename)
[0.393s] catkin_pkg.package.InvalidPackage: Error(s) in package '/home/bfmadera/ros2_ws/src/polygon_base/package.xml':
[0.393s] Error(s):
[0.393s] - The generic dependency on 'polygon_base' is redundant with: build_depend, build_depend, build_export_depend, build_export_depend, exec_depend, exec_depend
[0.393s] - The generic dependency on 'polygon_base' is redundant with: build_depend, build_depend, build_export_depend, build_export_depend, exec_depend, exec_depend
[0.393s] - The generic dependency on 'polygon_base' is redundant with: build_depend, build_depend, build_export_depend, build_export_depend, exec_depend, exec_depend
[0.408s] [31mCMake Error at /opt/ros/humble/share/ament_cmake_core/cmake/core/ament_package_xml.cmake:95 (message):
[0.408s]   execute_process(/usr/bin/python3.10
[0.408s]   /opt/ros/humble/share/ament_cmake_core/cmake/core/package_xml_2_cmake.py
[0.408s]   /home/bfmadera/ros2_ws/src/polygon_base/package.xml
[0.408s]   /home/bfmadera/ros2_ws/build/polygon_base/ament_cmake_core/package.cmake)
[0.408s]   returned error code 1
[0.409s] Call Stack (most recent call first):
[0.409s]   /opt/ros/humble/share/ament_cmake_core/cmake/core/ament_package_xml.cmake:49 (_ament_package_xml)
[0.409s]   /opt/ros/humble/share/ament_lint_auto/cmake/ament_lint_auto_find_test_dependencies.cmake:31 (ament_package_xml)
[0.409s]   CMakeLists.txt:15 (ament_lint_auto_find_test_dependencies)
[0.409s] 
[0.409s] [0m
[0.409s] -- Configuring incomplete, errors occurred!
[0.409s] See also "/home/bfmadera/ros2_ws/build/polygon_base/CMakeFiles/CMakeOutput.log".
[0.413s] gmake: *** [Makefile:226: cmake_check_build_system] Error 1
[0.415s] Invoked command in '/home/bfmadera/ros2_ws/build/polygon_base' returned '2': /usr/bin/cmake --build /home/bfmadera/ros2_ws/build/polygon_base -- -j8 -l8
